app/build/outputs/mapping/release/mapping.txt
# compiler: R8
# compiler_version: 1.4.94
# min_api: 16
emerge.project.caloriecaffeadmin.CalorieCaffeAdmin -> emerge.project.caloriecaffeadmin.CalorieCaffeAdmin:
    1:1:void kotlin.jvm.internal.Intrinsics.checkParameterIsNotNull(java.lang.Object,java.lang.String):0:0 -> attachBaseContext
    1:1:void attachBaseContext(android.content.Context):0 -> attachBaseContext
emerge.project.caloriecaffeadmin.DataBinderMapperImpl -> e.a.a.a:
    android.util.SparseIntArray INTERNAL_LAYOUT_ID_LOOKUP -> a
    java.util.List collectDependencies() -> a
    androidx.databinding.ViewDataBinding getDataBinder(androidx.databinding.DataBindingComponent,android.view.View,int) -> a
    androidx.databinding.ViewDataBinding getDataBinder(androidx.databinding.DataBindingComponent,android.view.View[],int) -> a
emerge.project.caloriecaffeadmin.R$id -> e.a.a.b:
emerge.project.caloriecaffeadmin.databinding.ActivityCodeBinding -> e.a.a.a.a:
    emerge.project.caloriecaffeadmin.viewModel.CardViewModel mCard -> p
emerge.project.caloriecaffeadmin.databinding.ActivityCodeBindingImpl -> e.a.a.a.b:
    android.util.SparseIntArray sViewsWithIds -> q
    androidx.constraintlayout.widget.ConstraintLayout mboundView0 -> r
    long mDirtyFlags -> s
    1:1:void <init>(androidx.databinding.DataBindingComponent,android.view.View,java.lang.Object[]):0:0 -> <init>
    1:1:void <init>(androidx.databinding.DataBindingComponent,android.view.View):0 -> <init>
    2:2:void androidx.databinding.ViewDataBinding.setRootTag(android.view.View):0:0 -> <init>
    2:2:void <init>(androidx.databinding.DataBindingComponent,android.view.View,java.lang.Object[]):0 -> <init>
    2:2:void <init>(androidx.databinding.DataBindingComponent,android.view.View):0 -> <init>
    3:3:void <init>(androidx.databinding.DataBindingComponent,android.view.View,java.lang.Object[]):0:0 -> <init>
    3:3:void <init>(androidx.databinding.DataBindingComponent,android.view.View):0 -> <init>
    void executeBindings() -> a
    boolean hasPendingBindings() -> c
    void invalidateAll() -> e
emerge.project.caloriecaffeadmin.databinding.ActivityCompleteBinding -> e.a.a.a.c:
    emerge.project.caloriecaffeadmin.viewModel.CompleteViewModel mComplete -> p
emerge.project.caloriecaffeadmin.databinding.ActivityCompleteBindingImpl -> e.a.a.a.d:
    android.util.SparseIntArray sViewsWithIds -> q
    androidx.constraintlayout.widget.ConstraintLayout mboundView0 -> r
    long mDirtyFlags -> s
    1:1:void <init>(androidx.databinding.DataBindingComponent,android.view.View,java.lang.Object[]):0:0 -> <init>
    1:1:void <init>(androidx.databinding.DataBindingComponent,android.view.View):0 -> <init>
    2:2:void androidx.databinding.ViewDataBinding.setRootTag(android.view.View):0:0 -> <init>
    2:2:void <init>(androidx.databinding.DataBindingComponent,android.view.View,java.lang.Object[]):0 -> <init>
    2:2:void <init>(androidx.databinding.DataBindingComponent,android.view.View):0 -> <init>
    3:3:void <init>(androidx.databinding.DataBindingComponent,android.view.View,java.lang.Object[]):0:0 -> <init>
    3:3:void <init>(androidx.databinding.DataBindingComponent,android.view.View):0 -> <init>
    void executeBindings() -> a
    boolean hasPendingBindings() -> c
    void invalidateAll() -> e
emerge.project.caloriecaffeadmin.databinding.ActivityPendingBinding -> e.a.a.a.e:
    emerge.project.caloriecaffeadmin.viewModel.PendingViewModel mPending -> p
...
androidx.appcompat.app.AppCompatDelegateImpl$AutoNightModeManager$1 -> b.b.a.z:
    androidx.appcompat.app.AppCompatDelegateImpl$AutoNightModeManager this$1 -> a
    1:1:void androidx.appcompat.app.AppCompatDelegateImpl$AutoNightModeManager.dispatchTimeChanged():0:0 -> onReceive
    1:1:void onReceive(android.content.Context,android.content.Intent):0 -> onReceive
androidx.appcompat.app.AppCompatDelegateImpl$ListMenuDecorView -> b.b.a.x$e:
    androidx.appcompat.app.AppCompatDelegateImpl this$0 -> i
    1:1:boolean isOutOfBounds(int,int):0:0 -> onInterceptTouchEvent
    1:1:boolean onInterceptTouchEvent(android.view.MotionEvent):0 -> onInterceptTouchEvent
    2:2:boolean onInterceptTouchEvent(android.view.MotionEvent):0:0 -> onInterceptTouchEvent
    3:3:void androidx.appcompat.app.AppCompatDelegateImpl.closePanel(int):0:0 -> onInterceptTouchEvent
    3:3:boolean onInterceptTouchEvent(android.view.MotionEvent):0 -> onInterceptTouchEvent
    4:4:boolean onInterceptTouchEvent(android.view.MotionEvent):0:0 -> onInterceptTouchEvent
androidx.appcompat.app.AppCompatDelegateImpl$PanelFeatureState -> b.b.a.x$f:
    boolean isPrepared -> m
    boolean isHandled -> n
    androidx.appcompat.view.menu.ListMenuPresenter listMenuPresenter -> k
    boolean isOpen -> o
    boolean qwertyMode -> p
    int windowAnimations -> f
    int x -> d
    int y -> e
    int background -> b
    boolean refreshDecorView -> q
    int gravity -> c
    boolean refreshMenuContent -> r
    int featureId -> a
    android.view.View createdPanelView -> i
    android.view.View shownPanelView -> h
    android.os.Bundle frozenActionViewState -> s
    android.content.Context listPresenterContext -> l
    android.view.ViewGroup decorView -> g
    androidx.appcompat.view.menu.MenuBuilder menu -> j
    1:1:void androidx.appcompat.view.menu.MenuBuilder.addMenuPresenter(androidx.appcompat.view.menu.MenuPresenter):0:0 -> a
    1:1:void setMenu(androidx.appcompat.view.menu.MenuBuilder):0 -> a
    void setStyle(android.content.Context) -> a
androidx.appcompat.app.AppCompatDelegateImpl$PanelMenuPresenterCallback -> b.b.a.x$g:
    androidx.appcompat.app.AppCompatDelegateImpl this$0 -> a
    void onCloseMenu(androidx.appcompat.view.menu.MenuBuilder,boolean) -> a
    boolean onOpenSubMenu(androidx.appcompat.view.menu.MenuBuilder) -> a
androidx.appcompat.app.AppCompatDialog -> b.b.a.B:
    androidx.core.view.KeyEventDispatcher$Component mKeyDispatcher -> b
    androidx.appcompat.app.AppCompatDelegate mDelegate -> a
    1:1:int getThemeResId(android.content.Context,int):0:0 -> <init>
    1:1:void <init>(android.content.Context,int):0 -> <init>
    2:2:void <init>(android.content.Context,int):0:0 -> <init>
    1:1:androidx.appcompat.app.AppCompatDelegate androidx.appcompat.app.AppCompatDelegate.create(android.app.Dialog,androidx.appcompat.app.AppCompatCallback):0:0 -> a
    1:1:androidx.appcompat.app.AppCompatDelegate getDelegate():0 -> a
    2:2:androidx.appcompat.app.AppCompatDelegate getDelegate():0:0 -> a
    void onSupportActionModeStarted(androidx.appcompat.view.ActionMode) -> a
    androidx.appcompat.view.ActionMode onWindowStartingSupportActionMode(androidx.appcompat.view.ActionMode$Callback) -> a
    boolean superDispatchKeyEvent(android.view.KeyEvent) -> a
    1:1:void androidx.appcompat.app.AppCompatDelegateImpl.addContentView(android.view.View,android.view.ViewGroup$LayoutParams):0:0 -> addContentView
    1:1:void addContentView(android.view.View,android.view.ViewGroup$LayoutParams):0 -> addContentView
    void onSupportActionModeFinished(androidx.appcompat.view.ActionMode) -> b
    1:1:android.view.View androidx.appcompat.app.AppCompatDelegateImpl.findViewById(int):0:0 -> findViewById
    1:1:android.view.View findViewById(int):0 -> findViewById
androidx.appcompat.app.AppCompatDialog$1 -> b.b.a.A:
    androidx.appcompat.app.AppCompatDialog this$0 -> a
    boolean superDispatchKeyEvent(android.view.KeyEvent) -> a